--------------------------------------------------------------------------------
Release 14.7 Trace  (nt64)
Copyright (c) 1995-2013 Xilinx, Inc.  All rights reserved.

C:\ise\14.7\ISE_DS\ISE\bin\nt64\unwrapped\trce.exe -intstyle ise -v 3 -s 3 -n 3
-fastpaths -xml ArrayMultiplier.twx ArrayMultiplier.ncd -o ArrayMultiplier.twr
ArrayMultiplier.pcf

Design file:              ArrayMultiplier.ncd
Physical constraint file: ArrayMultiplier.pcf
Device,package,speed:     xc7a100t,csg324,C,-3 (PRODUCTION 1.10 2013-10-13)
Report level:             verbose report

Environment Variable      Effect 
--------------------      ------ 
NONE                      No environment variables were set
--------------------------------------------------------------------------------

INFO:Timing:2698 - No timing constraints found, doing default enumeration.
INFO:Timing:3412 - To improve timing, see the Timing Closure User Guide (UG612).
INFO:Timing:2752 - To get complete path coverage, use the unconstrained paths 
   option. All paths that are not constrained will be reported in the 
   unconstrained paths section(s) of the report.
INFO:Timing:3339 - The clock-to-out numbers in this timing report are based on 
   a 50 Ohm transmission line loading model.  For the details of this model, 
   and for more information on accounting for different loading conditions, 
   please see the device datasheet.



Data Sheet report:
-----------------
All values displayed in nanoseconds (ns)

Pad to Pad
---------------+---------------+---------+
Source Pad     |Destination Pad|  Delay  |
---------------+---------------+---------+
A<0>           |M<0>           |    5.151|
A<0>           |M<1>           |    5.486|
A<0>           |M<2>           |    5.449|
A<0>           |M<3>           |    6.449|
A<0>           |M<4>           |    7.149|
A<0>           |M<5>           |    7.277|
A<0>           |M<6>           |    7.956|
A<0>           |M<7>           |    7.797|
A<1>           |M<1>           |    5.347|
A<1>           |M<2>           |    5.508|
A<1>           |M<3>           |    6.324|
A<1>           |M<4>           |    7.024|
A<1>           |M<5>           |    7.149|
A<1>           |M<6>           |    7.828|
A<1>           |M<7>           |    7.669|
A<2>           |M<2>           |    5.168|
A<2>           |M<3>           |    6.335|
A<2>           |M<4>           |    7.035|
A<2>           |M<5>           |    6.905|
A<2>           |M<6>           |    7.584|
A<2>           |M<7>           |    7.425|
A<3>           |M<4>           |    6.430|
A<3>           |M<5>           |    6.989|
A<3>           |M<6>           |    7.668|
A<3>           |M<7>           |    7.509|
B<0>           |M<0>           |    5.455|
B<0>           |M<1>           |    5.470|
B<0>           |M<2>           |    5.178|
B<0>           |M<3>           |    6.437|
B<0>           |M<4>           |    7.137|
B<0>           |M<5>           |    7.007|
B<0>           |M<6>           |    7.686|
B<0>           |M<7>           |    7.527|
B<1>           |M<1>           |    5.168|
B<1>           |M<2>           |    5.615|
B<1>           |M<3>           |    6.139|
B<1>           |M<4>           |    6.839|
B<1>           |M<5>           |    7.069|
B<1>           |M<6>           |    7.748|
B<1>           |M<7>           |    7.589|
B<2>           |M<2>           |    5.365|
B<2>           |M<3>           |    5.386|
B<2>           |M<4>           |    6.314|
B<2>           |M<5>           |    6.398|
B<2>           |M<6>           |    7.077|
B<2>           |M<7>           |    6.918|
B<3>           |M<3>           |    5.686|
B<3>           |M<4>           |    5.576|
B<3>           |M<5>           |    5.854|
B<3>           |M<6>           |    6.634|
B<3>           |M<7>           |    6.475|
---------------+---------------+---------+


Analysis completed Wed Nov 17 09:07:54 2021 
--------------------------------------------------------------------------------

Trace Settings:
-------------------------
Trace Settings 

Peak Memory Usage: 4950 MB



