Running: C:\Xilinx\14.7\ISE_DS\ISE\bin\nt64\unwrapped\fuse.exe -intstyle ise -incremental -o C:/Users/LATITUDE/Documents/term5/computerArchitecture/Az.architecture/9/register/registerRL/reg_tb_isim_beh.exe -prj C:/Users/LATITUDE/Documents/term5/computerArchitecture/Az.architecture/9/register/registerRL/reg_tb_beh.prj work.reg_tb 
ISim P.20131013 (signature 0x7708f090)
Number of CPUs detected in this system: 4
Turning on mult-threading, number of parallel sub-compilation jobs: 8 
Determining compilation order of HDL files
Parsing VHDL file "C:/Users/LATITUDE/Documents/term5/computerArchitecture/Az.architecture/9/register/registerRL/register.vhd" into library work
Parsing VHDL file "C:/Users/LATITUDE/Documents/term5/computerArchitecture/Az.architecture/9/register/registerRL/reg_tb.vhd" into library work
Starting static elaboration
Completed static elaboration
Compiling package standard
Compiling package std_logic_1164
Compiling architecture behavioral of entity registerController [registercontroller_default]
Compiling architecture behavior of entity reg_tb
Time Resolution for simulation is 1ps.
Waiting for 1 sub-compilation(s) to finish...
WARNING:Simulator - Unable to copy libPortabilityNOSH.dll to the simulation executable directory: boost::filesystem::copy_file: The system cannot find the path specified, "isim\reg_tb_isim_beh.exe.sim\libPortability.dll".
Compiled 5 VHDL Units
Built simulation executable C:/Users/LATITUDE/Documents/term5/computerArchitecture/Az.architecture/9/register/registerRL/reg_tb_isim_beh.exe
Fuse Memory Usage: 27788 KB
Fuse CPU Usage: 671 ms
