--------------------------------------------------------------------------------
Release 14.7 Trace  (nt64)
Copyright (c) 1995-2013 Xilinx, Inc.  All rights reserved.

C:\Xilinx\14.7\ISE_DS\ISE\bin\nt64\unwrapped\trce.exe -intstyle ise -v 3 -s 3
-n 3 -fastpaths -xml BCDAdder.twx BCDAdder.ncd -o BCDAdder.twr BCDAdder.pcf

Design file:              BCDAdder.ncd
Physical constraint file: BCDAdder.pcf
Device,package,speed:     xc7a100t,csg324,C,-3 (PRODUCTION 1.10 2013-10-13)
Report level:             verbose report

Environment Variable      Effect 
--------------------      ------ 
NONE                      No environment variables were set
--------------------------------------------------------------------------------

INFO:Timing:2698 - No timing constraints found, doing default enumeration.
INFO:Timing:3412 - To improve timing, see the Timing Closure User Guide (UG612).
INFO:Timing:2752 - To get complete path coverage, use the unconstrained paths 
   option. All paths that are not constrained will be reported in the 
   unconstrained paths section(s) of the report.
INFO:Timing:3339 - The clock-to-out numbers in this timing report are based on 
   a 50 Ohm transmission line loading model.  For the details of this model, 
   and for more information on accounting for different loading conditions, 
   please see the device datasheet.



Data Sheet report:
-----------------
All values displayed in nanoseconds (ns)

Pad to Pad
---------------+---------------+---------+
Source Pad     |Destination Pad|  Delay  |
---------------+---------------+---------+
A<0>           |Cout           |    6.097|
A<0>           |S<0>           |    5.701|
A<0>           |S<1>           |    6.537|
A<0>           |S<2>           |    5.804|
A<0>           |S<3>           |    6.247|
A<1>           |Cout           |    6.454|
A<1>           |S<1>           |    6.894|
A<1>           |S<2>           |    6.170|
A<1>           |S<3>           |    6.604|
A<2>           |Cout           |    5.388|
A<2>           |S<1>           |    5.828|
A<2>           |S<2>           |    5.302|
A<2>           |S<3>           |    6.125|
A<3>           |Cout           |    5.196|
A<3>           |S<1>           |    5.636|
A<3>           |S<2>           |    5.069|
A<3>           |S<3>           |    5.617|
B<0>           |Cout           |    6.265|
B<0>           |S<0>           |    5.552|
B<0>           |S<1>           |    6.705|
B<0>           |S<2>           |    5.965|
B<0>           |S<3>           |    6.415|
B<1>           |Cout           |    6.334|
B<1>           |S<1>           |    6.774|
B<1>           |S<2>           |    6.035|
B<1>           |S<3>           |    6.484|
B<2>           |Cout           |    5.503|
B<2>           |S<1>           |    5.943|
B<2>           |S<2>           |    5.214|
B<2>           |S<3>           |    6.070|
B<3>           |Cout           |    5.594|
B<3>           |S<1>           |    6.034|
B<3>           |S<2>           |    5.593|
B<3>           |S<3>           |    5.954|
Cin            |Cout           |    6.377|
Cin            |S<0>           |    5.378|
Cin            |S<1>           |    6.817|
Cin            |S<2>           |    6.086|
Cin            |S<3>           |    6.527|
---------------+---------------+---------+


Analysis completed Tue Nov 09 21:11:29 2021 
--------------------------------------------------------------------------------

Trace Settings:
-------------------------
Trace Settings 

Peak Memory Usage: 668 MB



