--------------------------------------------------------------------------------
Release 14.7 Trace  (nt64)
Copyright (c) 1995-2013 Xilinx, Inc.  All rights reserved.

C:\ise\14.7\ISE_DS\ISE\bin\nt64\unwrapped\trce.exe -intstyle ise -v 3 -s 5 -n 3
-fastpaths -xml FourBitRippleCarryAdder.twx FourBitRippleCarryAdder.ncd -o
FourBitRippleCarryAdder.twr FourBitRippleCarryAdder.pcf

Design file:              FourBitRippleCarryAdder.ncd
Physical constraint file: FourBitRippleCarryAdder.pcf
Device,package,speed:     xc3s50,pq208,-5 (PRODUCTION 1.39 2013-10-13)
Report level:             verbose report

Environment Variable      Effect 
--------------------      ------ 
NONE                      No environment variables were set
--------------------------------------------------------------------------------

INFO:Timing:2698 - No timing constraints found, doing default enumeration.
INFO:Timing:3412 - To improve timing, see the Timing Closure User Guide (UG612).
INFO:Timing:2752 - To get complete path coverage, use the unconstrained paths 
   option. All paths that are not constrained will be reported in the 
   unconstrained paths section(s) of the report.
INFO:Timing:3339 - The clock-to-out numbers in this timing report are based on 
   a 50 Ohm transmission line loading model.  For the details of this model, 
   and for more information on accounting for different loading conditions, 
   please see the device datasheet.
INFO:Timing:3390 - This architecture does not support a default System Jitter 
   value, please add SYSTEM_JITTER constraint to the UCF to modify the Clock 
   Uncertainty calculation.
INFO:Timing:3389 - This architecture does not support 'Discrete Jitter' and 
   'Phase Error' calculations, these terms will be zero in the Clock 
   Uncertainty calculation.  Please make appropriate modification to 
   SYSTEM_JITTER to account for the unsupported Discrete Jitter and Phase 
   Error.



Data Sheet report:
-----------------
All values displayed in nanoseconds (ns)

Pad to Pad
---------------+---------------+---------+
Source Pad     |Destination Pad|  Delay  |
---------------+---------------+---------+
a<0>           |cout           |    9.300|
a<0>           |s<0>           |    7.285|
a<0>           |s<1>           |    7.811|
a<0>           |s<2>           |    8.580|
a<0>           |s<3>           |    9.645|
a<1>           |cout           |    8.670|
a<1>           |s<1>           |    7.113|
a<1>           |s<2>           |    7.950|
a<1>           |s<3>           |    9.015|
a<2>           |cout           |    7.798|
a<2>           |s<2>           |    7.553|
a<2>           |s<3>           |    8.143|
a<3>           |cout           |    7.438|
a<3>           |s<3>           |    7.314|
b<0>           |cout           |    9.228|
b<0>           |s<0>           |    6.810|
b<0>           |s<1>           |    7.739|
b<0>           |s<2>           |    8.508|
b<0>           |s<3>           |    9.573|
b<1>           |cout           |    8.491|
b<1>           |s<1>           |    7.038|
b<1>           |s<2>           |    7.771|
b<1>           |s<3>           |    8.836|
b<2>           |cout           |    7.509|
b<2>           |s<2>           |    6.789|
b<2>           |s<3>           |    7.854|
b<3>           |cout           |    7.071|
b<3>           |s<3>           |    7.046|
cin            |cout           |    9.089|
cin            |s<0>           |    6.781|
cin            |s<1>           |    7.600|
cin            |s<2>           |    8.369|
cin            |s<3>           |    9.434|
---------------+---------------+---------+


Analysis completed Sat Nov 06 13:13:46 2021 
--------------------------------------------------------------------------------

Trace Settings:
-------------------------
Trace Settings 

Peak Memory Usage: 4470 MB



