Running: C:\Xilinx\14.7\ISE_DS\ISE\bin\nt64\unwrapped\fuse.exe -intstyle ise -incremental -o C:/Users/LATITUDE/Documents/term5/computerArchitecture/Az.architecture/10/memory/dual_port_RAM/dual_port_RAM_test_isim_beh.exe -prj C:/Users/LATITUDE/Documents/term5/computerArchitecture/Az.architecture/10/memory/dual_port_RAM/dual_port_RAM_test_beh.prj work.dual_port_RAM_test 
ISim P.20131013 (signature 0x7708f090)
Number of CPUs detected in this system: 4
Turning on mult-threading, number of parallel sub-compilation jobs: 8 
Determining compilation order of HDL files
Parsing VHDL file "C:/Users/LATITUDE/Documents/term5/computerArchitecture/Az.architecture/10/memory/dual_port_RAM/dual_port_RAM.vhd" into library work
Parsing VHDL file "C:/Users/LATITUDE/Documents/term5/computerArchitecture/Az.architecture/10/memory/dual_port_RAM/dual_port_RAM_visualTest.vhd" into library work
Parsing VHDL file "C:/Users/LATITUDE/Documents/term5/computerArchitecture/Az.architecture/10/memory/dual_port_RAM/dual_port_RAM_test.vhd" into library work
Starting static elaboration
Completed static elaboration
Compiling package standard
Compiling package std_logic_1164
Compiling package numeric_std
Compiling architecture arch of entity dual_port_RAM [dual_port_ram_default]
Compiling architecture arch of entity dual_port_RAM_visualTest [\dual_port_RAM_visualTest(2,3)\]
Compiling architecture behavior of entity dual_port_ram_test
Time Resolution for simulation is 1ps.
Waiting for 1 sub-compilation(s) to finish...
WARNING:Simulator - Unable to copy libPortabilityNOSH.dll to the simulation executable directory: boost::filesystem::copy_file: The system cannot find the path specified, "isim\dual_port_RAM_test_isim_beh.exe.sim\libPortability.dll".
Compiled 8 VHDL Units
Built simulation executable C:/Users/LATITUDE/Documents/term5/computerArchitecture/Az.architecture/10/memory/dual_port_RAM/dual_port_RAM_test_isim_beh.exe
Fuse Memory Usage: 33780 KB
Fuse CPU Usage: 530 ms
