Running: C:\Xilinx\14.7\ISE_DS\ISE\bin\nt64\unwrapped\fuse.exe -intstyle ise -incremental -o C:/Users/LATITUDE/Documents/term5/computerArchitecture/Az.architecture/10/memory/ROM/ROM_test_isim_beh.exe -prj C:/Users/LATITUDE/Documents/term5/computerArchitecture/Az.architecture/10/memory/ROM/ROM_test_beh.prj work.ROM_test 
ISim P.20131013 (signature 0x7708f090)
Number of CPUs detected in this system: 4
Turning on mult-threading, number of parallel sub-compilation jobs: 8 
Determining compilation order of HDL files
Parsing VHDL file "C:/Users/LATITUDE/Documents/term5/computerArchitecture/Az.architecture/10/memory/ROM/ROM_sevenSegment.vhd" into library work
Parsing VHDL file "C:/Users/LATITUDE/Documents/term5/computerArchitecture/Az.architecture/10/memory/ROM/ROM_sevenSegment_visualTest.vhd" into library work
Parsing VHDL file "C:/Users/LATITUDE/Documents/term5/computerArchitecture/Az.architecture/10/memory/ROM/ROM_test.vhd" into library work
Starting static elaboration
Completed static elaboration
Compiling package standard
Compiling package std_logic_1164
Compiling package numeric_std
Compiling architecture arch of entity ROM_sevenSegment [rom_sevensegment_default]
Compiling architecture arch of entity ROM_sevenSegment_visualTest [rom_sevensegment_visualtest_defa...]
Compiling architecture behavior of entity rom_test
Time Resolution for simulation is 1ps.
WARNING:Simulator - Unable to copy libPortabilityNOSH.dll to the simulation executable directory: boost::filesystem::copy_file: The system cannot find the path specified, "isim\ROM_test_isim_beh.exe.sim\libPortability.dll".
Compiled 8 VHDL Units
Built simulation executable C:/Users/LATITUDE/Documents/term5/computerArchitecture/Az.architecture/10/memory/ROM/ROM_test_isim_beh.exe
Fuse Memory Usage: 33656 KB
Fuse CPU Usage: 765 ms
